{"D:\\Node js\\event booking project\\controller\\authController.js": {"path":"D:\\Node js\\event booking project\\controller\\authController.js","statementMap":{"0":{"start":{"line":9,"column":42},"end":{"line":9,"column":50}},"1":{"start":{"line":10,"column":22},"end":{"line":10,"column":51}},"2":{"start":{"line":11,"column":2},"end":{"line":16,"column":3}},"3":{"start":{"line":12,"column":4},"end":{"line":12,"column":31}},"4":{"start":{"line":13,"column":4},"end":{"line":15,"column":79}},"5":{"start":{"line":17,"column":25},"end":{"line":17,"column":56}},"6":{"start":{"line":18,"column":17},"end":{"line":18,"column":75}},"7":{"start":{"line":19,"column":18},"end":{"line":25,"column":4}},"8":{"start":{"line":26,"column":2},"end":{"line":26,"column":24}},"9":{"start":{"line":28,"column":2},"end":{"line":28,"column":78}},"10":{"start":{"line":32,"column":30},"end":{"line":32,"column":38}},"11":{"start":{"line":33,"column":2},"end":{"line":37,"column":3}},"12":{"start":{"line":34,"column":4},"end":{"line":36,"column":80}},"13":{"start":{"line":39,"column":22},"end":{"line":39,"column":51}},"14":{"start":{"line":41,"column":2},"end":{"line":46,"column":3}},"15":{"start":{"line":42,"column":4},"end":{"line":45,"column":7}},"16":{"start":{"line":48,"column":26},"end":{"line":48,"column":78}},"17":{"start":{"line":49,"column":2},"end":{"line":54,"column":3}},"18":{"start":{"line":50,"column":4},"end":{"line":53,"column":7}},"19":{"start":{"line":55,"column":16},"end":{"line":59,"column":4}},"20":{"start":{"line":60,"column":2},"end":{"line":66,"column":5}}},"fnMap":{"0":{"name":"register","decl":{"start":{"line":8,"column":15},"end":{"line":8,"column":23}},"loc":{"start":{"line":8,"column":40},"end":{"line":29,"column":1}},"line":8},"1":{"name":"login","decl":{"start":{"line":31,"column":15},"end":{"line":31,"column":20}},"loc":{"start":{"line":31,"column":37},"end":{"line":67,"column":1}},"line":31}},"branchMap":{"0":{"loc":{"start":{"line":11,"column":2},"end":{"line":16,"column":3}},"type":"if","locations":[{"start":{"line":11,"column":2},"end":{"line":16,"column":3}},{"start":{},"end":{}}],"line":11},"1":{"loc":{"start":{"line":18,"column":17},"end":{"line":18,"column":75}},"type":"cond-expr","locations":[{"start":{"line":18,"column":28},"end":{"line":18,"column":45}},{"start":{"line":18,"column":48},"end":{"line":18,"column":75}}],"line":18},"2":{"loc":{"start":{"line":33,"column":2},"end":{"line":37,"column":3}},"type":"if","locations":[{"start":{"line":33,"column":2},"end":{"line":37,"column":3}},{"start":{},"end":{}}],"line":33},"3":{"loc":{"start":{"line":33,"column":6},"end":{"line":33,"column":25}},"type":"binary-expr","locations":[{"start":{"line":33,"column":6},"end":{"line":33,"column":12}},{"start":{"line":33,"column":16},"end":{"line":33,"column":25}}],"line":33},"4":{"loc":{"start":{"line":41,"column":2},"end":{"line":46,"column":3}},"type":"if","locations":[{"start":{"line":41,"column":2},"end":{"line":46,"column":3}},{"start":{},"end":{}}],"line":41},"5":{"loc":{"start":{"line":49,"column":2},"end":{"line":54,"column":3}},"type":"if","locations":[{"start":{"line":49,"column":2},"end":{"line":54,"column":3}},{"start":{},"end":{}}],"line":49}},"s":{"0":3,"1":3,"2":3,"3":2,"4":2,"5":1,"6":1,"7":1,"8":1,"9":1,"10":4,"11":4,"12":1,"13":3,"14":3,"15":1,"16":2,"17":2,"18":1,"19":1,"20":1},"f":{"0":3,"1":4},"b":{"0":[2,1],"1":[0,1],"2":[1,3],"3":[4,3],"4":[1,2],"5":[1,1]},"_coverageSchema":"1a1c01bbd47fc00a2c39e90264f33305004495a9","hash":"c08683f47d33e141eba2b3c049acc71749a18ec2"}
,"D:\\Node js\\event booking project\\controller\\bookingController.js": {"path":"D:\\Node js\\event booking project\\controller\\bookingController.js","statementMap":{"0":{"start":{"line":7,"column":16},"end":{"line":7,"column":51}},"1":{"start":{"line":9,"column":2},"end":{"line":14,"column":3}},"2":{"start":{"line":10,"column":4},"end":{"line":13,"column":7}},"3":{"start":{"line":16,"column":19},"end":{"line":18,"column":4}},"4":{"start":{"line":20,"column":25},"end":{"line":20,"column":26}},"5":{"start":{"line":22,"column":2},"end":{"line":24,"column":3}},"6":{"start":{"line":23,"column":4},"end":{"line":23,"column":46}},"7":{"start":{"line":26,"column":25},"end":{"line":26,"column":47}},"8":{"start":{"line":28,"column":2},"end":{"line":33,"column":3}},"9":{"start":{"line":29,"column":4},"end":{"line":32,"column":7}},"10":{"start":{"line":35,"column":24},"end":{"line":38,"column":4}},"11":{"start":{"line":40,"column":2},"end":{"line":45,"column":3}},"12":{"start":{"line":41,"column":4},"end":{"line":44,"column":7}},"13":{"start":{"line":47,"column":21},"end":{"line":51,"column":4}},"14":{"start":{"line":52,"column":2},"end":{"line":58,"column":4}},"15":{"start":{"line":60,"column":2},"end":{"line":65,"column":5}},"16":{"start":{"line":69,"column":20},"end":{"line":71,"column":3}},"17":{"start":{"line":72,"column":2},"end":{"line":76,"column":3}},"18":{"start":{"line":73,"column":4},"end":{"line":75,"column":74}},"19":{"start":{"line":78,"column":2},"end":{"line":78,"column":80}},"20":{"start":{"line":82,"column":24},"end":{"line":85,"column":22}},"21":{"start":{"line":86,"column":2},"end":{"line":91,"column":3}},"22":{"start":{"line":87,"column":4},"end":{"line":90,"column":7}},"23":{"start":{"line":92,"column":2},"end":{"line":95,"column":5}},"24":{"start":{"line":99,"column":18},"end":{"line":102,"column":4}},"25":{"start":{"line":103,"column":2},"end":{"line":107,"column":3}},"26":{"start":{"line":104,"column":4},"end":{"line":106,"column":76}},"27":{"start":{"line":108,"column":18},"end":{"line":108,"column":49}},"28":{"start":{"line":109,"column":19},"end":{"line":109,"column":66}},"29":{"start":{"line":110,"column":19},"end":{"line":110,"column":48}},"30":{"start":{"line":112,"column":2},"end":{"line":117,"column":3}},"31":{"start":{"line":113,"column":4},"end":{"line":116,"column":7}},"32":{"start":{"line":119,"column":2},"end":{"line":157,"column":3}},"33":{"start":{"line":120,"column":23},"end":{"line":120,"column":55}},"34":{"start":{"line":122,"column":4},"end":{"line":129,"column":5}},"35":{"start":{"line":123,"column":6},"end":{"line":128,"column":7}},"36":{"start":{"line":124,"column":8},"end":{"line":127,"column":11}},"37":{"start":{"line":131,"column":4},"end":{"line":135,"column":7}},"38":{"start":{"line":137,"column":21},"end":{"line":137,"column":56}},"39":{"start":{"line":139,"column":4},"end":{"line":144,"column":5}},"40":{"start":{"line":140,"column":6},"end":{"line":143,"column":9}},"41":{"start":{"line":146,"column":4},"end":{"line":150,"column":7}},"42":{"start":{"line":152,"column":4},"end":{"line":156,"column":7}},"43":{"start":{"line":159,"column":2},"end":{"line":159,"column":26}},"44":{"start":{"line":160,"column":2},"end":{"line":160,"column":35}},"45":{"start":{"line":162,"column":2},"end":{"line":162,"column":23}},"46":{"start":{"line":163,"column":2},"end":{"line":163,"column":78}}},"fnMap":{"0":{"name":"bookEvent","decl":{"start":{"line":6,"column":15},"end":{"line":6,"column":24}},"loc":{"start":{"line":6,"column":41},"end":{"line":66,"column":1}},"line":6},"1":{"name":"getMyBooking","decl":{"start":{"line":68,"column":15},"end":{"line":68,"column":27}},"loc":{"start":{"line":68,"column":44},"end":{"line":79,"column":1}},"line":68},"2":{"name":"cancelBooking","decl":{"start":{"line":81,"column":15},"end":{"line":81,"column":28}},"loc":{"start":{"line":81,"column":45},"end":{"line":96,"column":1}},"line":81},"3":{"name":"updateBooking","decl":{"start":{"line":98,"column":15},"end":{"line":98,"column":28}},"loc":{"start":{"line":98,"column":45},"end":{"line":164,"column":1}},"line":98}},"branchMap":{"0":{"loc":{"start":{"line":9,"column":2},"end":{"line":14,"column":3}},"type":"if","locations":[{"start":{"line":9,"column":2},"end":{"line":14,"column":3}},{"start":{},"end":{}}],"line":9},"1":{"loc":{"start":{"line":28,"column":2},"end":{"line":33,"column":3}},"type":"if","locations":[{"start":{"line":28,"column":2},"end":{"line":33,"column":3}},{"start":{},"end":{}}],"line":28},"2":{"loc":{"start":{"line":40,"column":2},"end":{"line":45,"column":3}},"type":"if","locations":[{"start":{"line":40,"column":2},"end":{"line":45,"column":3}},{"start":{},"end":{}}],"line":40},"3":{"loc":{"start":{"line":72,"column":2},"end":{"line":76,"column":3}},"type":"if","locations":[{"start":{"line":72,"column":2},"end":{"line":76,"column":3}},{"start":{},"end":{}}],"line":72},"4":{"loc":{"start":{"line":86,"column":2},"end":{"line":91,"column":3}},"type":"if","locations":[{"start":{"line":86,"column":2},"end":{"line":91,"column":3}},{"start":{},"end":{}}],"line":86},"5":{"loc":{"start":{"line":103,"column":2},"end":{"line":107,"column":3}},"type":"if","locations":[{"start":{"line":103,"column":2},"end":{"line":107,"column":3}},{"start":{},"end":{}}],"line":103},"6":{"loc":{"start":{"line":108,"column":18},"end":{"line":108,"column":49}},"type":"binary-expr","locations":[{"start":{"line":108,"column":18},"end":{"line":108,"column":32}},{"start":{"line":108,"column":36},"end":{"line":108,"column":49}}],"line":108},"7":{"loc":{"start":{"line":109,"column":19},"end":{"line":109,"column":66}},"type":"binary-expr","locations":[{"start":{"line":109,"column":19},"end":{"line":109,"column":41}},{"start":{"line":109,"column":45},"end":{"line":109,"column":66}}],"line":109},"8":{"loc":{"start":{"line":112,"column":2},"end":{"line":117,"column":3}},"type":"if","locations":[{"start":{"line":112,"column":2},"end":{"line":117,"column":3}},{"start":{},"end":{}}],"line":112},"9":{"loc":{"start":{"line":119,"column":2},"end":{"line":157,"column":3}},"type":"if","locations":[{"start":{"line":119,"column":2},"end":{"line":157,"column":3}},{"start":{"line":136,"column":9},"end":{"line":157,"column":3}}],"line":119},"10":{"loc":{"start":{"line":122,"column":4},"end":{"line":129,"column":5}},"type":"if","locations":[{"start":{"line":122,"column":4},"end":{"line":129,"column":5}},{"start":{},"end":{}}],"line":122},"11":{"loc":{"start":{"line":123,"column":6},"end":{"line":128,"column":7}},"type":"if","locations":[{"start":{"line":123,"column":6},"end":{"line":128,"column":7}},{"start":{},"end":{}}],"line":123},"12":{"loc":{"start":{"line":139,"column":4},"end":{"line":144,"column":5}},"type":"if","locations":[{"start":{"line":139,"column":4},"end":{"line":144,"column":5}},{"start":{},"end":{}}],"line":139}},"s":{"0":4,"1":4,"2":1,"3":3,"4":3,"5":3,"6":3,"7":3,"8":3,"9":1,"10":2,"11":2,"12":1,"13":1,"14":1,"15":1,"16":2,"17":2,"18":1,"19":1,"20":2,"21":2,"22":1,"23":1,"24":5,"25":5,"26":1,"27":4,"28":4,"29":4,"30":4,"31":1,"32":3,"33":1,"34":1,"35":1,"36":1,"37":0,"38":2,"39":2,"40":1,"41":1,"42":1,"43":1,"44":1,"45":1,"46":1},"f":{"0":4,"1":2,"2":2,"3":5},"b":{"0":[1,3],"1":[1,2],"2":[1,1],"3":[1,1],"4":[1,1],"5":[1,4],"6":[4,0],"7":[4,1],"8":[1,3],"9":[1,2],"10":[1,0],"11":[1,0],"12":[1,1]},"_coverageSchema":"1a1c01bbd47fc00a2c39e90264f33305004495a9","hash":"b5ae5e90820c689e3c08b0c138dbb1dd8d62c718"}
,"D:\\Node js\\event booking project\\controller\\eventsController.js": {"path":"D:\\Node js\\event booking project\\controller\\eventsController.js","statementMap":{"0":{"start":{"line":7,"column":16},"end":{"line":7,"column":37}},"1":{"start":{"line":8,"column":15},"end":{"line":8,"column":34}},"2":{"start":{"line":9,"column":15},"end":{"line":9,"column":33}},"3":{"start":{"line":10,"column":17},"end":{"line":10,"column":59}},"4":{"start":{"line":11,"column":2},"end":{"line":11,"column":77}},"5":{"start":{"line":15,"column":16},"end":{"line":15,"column":37}},"6":{"start":{"line":16,"column":2},"end":{"line":20,"column":3}},"7":{"start":{"line":17,"column":4},"end":{"line":19,"column":62}},"8":{"start":{"line":21,"column":16},"end":{"line":21,"column":51}},"9":{"start":{"line":22,"column":2},"end":{"line":22,"column":76}},"10":{"start":{"line":26,"column":16},"end":{"line":26,"column":51}},"11":{"start":{"line":27,"column":2},"end":{"line":31,"column":3}},"12":{"start":{"line":28,"column":4},"end":{"line":30,"column":76}},"13":{"start":{"line":32,"column":2},"end":{"line":32,"column":76}},"14":{"start":{"line":36,"column":2},"end":{"line":41,"column":3}},"15":{"start":{"line":37,"column":4},"end":{"line":40,"column":7}},"16":{"start":{"line":42,"column":19},"end":{"line":48,"column":3}},"17":{"start":{"line":50,"column":2},"end":{"line":55,"column":3}},"18":{"start":{"line":51,"column":4},"end":{"line":54,"column":7}},"19":{"start":{"line":56,"column":2},"end":{"line":59,"column":5}},"20":{"start":{"line":63,"column":16},"end":{"line":63,"column":60}},"21":{"start":{"line":64,"column":2},"end":{"line":68,"column":3}},"22":{"start":{"line":65,"column":4},"end":{"line":67,"column":73}},"23":{"start":{"line":69,"column":2},"end":{"line":72,"column":5}}},"fnMap":{"0":{"name":"getAllEvents","decl":{"start":{"line":6,"column":15},"end":{"line":6,"column":27}},"loc":{"start":{"line":6,"column":44},"end":{"line":12,"column":1}},"line":6},"1":{"name":"createEvent","decl":{"start":{"line":14,"column":15},"end":{"line":14,"column":26}},"loc":{"start":{"line":14,"column":43},"end":{"line":23,"column":1}},"line":14},"2":{"name":"getSingleEvent","decl":{"start":{"line":25,"column":15},"end":{"line":25,"column":29}},"loc":{"start":{"line":25,"column":46},"end":{"line":33,"column":1}},"line":25},"3":{"name":"updateEvent","decl":{"start":{"line":35,"column":15},"end":{"line":35,"column":26}},"loc":{"start":{"line":35,"column":43},"end":{"line":60,"column":1}},"line":35},"4":{"name":"deleteEvent","decl":{"start":{"line":62,"column":15},"end":{"line":62,"column":26}},"loc":{"start":{"line":62,"column":43},"end":{"line":73,"column":1}},"line":62}},"branchMap":{"0":{"loc":{"start":{"line":7,"column":16},"end":{"line":7,"column":37}},"type":"binary-expr","locations":[{"start":{"line":7,"column":16},"end":{"line":7,"column":31}},{"start":{"line":7,"column":35},"end":{"line":7,"column":37}}],"line":7},"1":{"loc":{"start":{"line":8,"column":15},"end":{"line":8,"column":34}},"type":"binary-expr","locations":[{"start":{"line":8,"column":15},"end":{"line":8,"column":29}},{"start":{"line":8,"column":33},"end":{"line":8,"column":34}}],"line":8},"2":{"loc":{"start":{"line":16,"column":2},"end":{"line":20,"column":3}},"type":"if","locations":[{"start":{"line":16,"column":2},"end":{"line":20,"column":3}},{"start":{},"end":{}}],"line":16},"3":{"loc":{"start":{"line":27,"column":2},"end":{"line":31,"column":3}},"type":"if","locations":[{"start":{"line":27,"column":2},"end":{"line":31,"column":3}},{"start":{},"end":{}}],"line":27},"4":{"loc":{"start":{"line":36,"column":2},"end":{"line":41,"column":3}},"type":"if","locations":[{"start":{"line":36,"column":2},"end":{"line":41,"column":3}},{"start":{},"end":{}}],"line":36},"5":{"loc":{"start":{"line":50,"column":2},"end":{"line":55,"column":3}},"type":"if","locations":[{"start":{"line":50,"column":2},"end":{"line":55,"column":3}},{"start":{},"end":{}}],"line":50},"6":{"loc":{"start":{"line":64,"column":2},"end":{"line":68,"column":3}},"type":"if","locations":[{"start":{"line":64,"column":2},"end":{"line":68,"column":3}},{"start":{},"end":{}}],"line":64}},"s":{"0":1,"1":1,"2":1,"3":1,"4":1,"5":1,"6":1,"7":0,"8":1,"9":1,"10":2,"11":2,"12":1,"13":1,"14":3,"15":1,"16":2,"17":2,"18":1,"19":1,"20":2,"21":2,"22":1,"23":1},"f":{"0":1,"1":1,"2":2,"3":3,"4":2},"b":{"0":[1,0],"1":[1,0],"2":[0,1],"3":[1,1],"4":[1,2],"5":[1,1],"6":[1,1]},"_coverageSchema":"1a1c01bbd47fc00a2c39e90264f33305004495a9","hash":"46d9b1b78b85038634501c05821a1c6dd9edea42"}
,"D:\\Node js\\event booking project\\middleware\\asyncWrapper.js": {"path":"D:\\Node js\\event booking project\\middleware\\asyncWrapper.js","statementMap":{"0":{"start":{"line":1,"column":21},"end":{"line":7,"column":1}},"1":{"start":{"line":2,"column":2},"end":{"line":6,"column":4}},"2":{"start":{"line":3,"column":4},"end":{"line":5,"column":7}},"3":{"start":{"line":4,"column":6},"end":{"line":4,"column":16}}},"fnMap":{"0":{"name":"(anonymous_0)","decl":{"start":{"line":1,"column":21},"end":{"line":1,"column":22}},"loc":{"start":{"line":1,"column":40},"end":{"line":7,"column":1}},"line":1},"1":{"name":"(anonymous_1)","decl":{"start":{"line":2,"column":9},"end":{"line":2,"column":10}},"loc":{"start":{"line":2,"column":29},"end":{"line":6,"column":3}},"line":2},"2":{"name":"(anonymous_2)","decl":{"start":{"line":3,"column":47},"end":{"line":3,"column":48}},"loc":{"start":{"line":3,"column":56},"end":{"line":5,"column":5}},"line":3}},"branchMap":{},"s":{"0":3,"1":11,"2":29,"3":0},"f":{"0":11,"1":29,"2":0},"b":{},"_coverageSchema":"1a1c01bbd47fc00a2c39e90264f33305004495a9","hash":"9bf4a04d60e37651f9d8eadb884ec45b023fbd9f"}
,"D:\\Node js\\event booking project\\models\\bookingModel.js": {"path":"D:\\Node js\\event booking project\\models\\bookingModel.js","statementMap":{"0":{"start":{"line":3,"column":22},"end":{"line":27,"column":1}},"1":{"start":{"line":29,"column":23},"end":{"line":29,"column":63}}},"fnMap":{},"branchMap":{},"s":{"0":1,"1":1},"f":{},"b":{},"_coverageSchema":"1a1c01bbd47fc00a2c39e90264f33305004495a9","hash":"b5abc81d49f148e0131f6d3567789b45c519b703"}
,"D:\\Node js\\event booking project\\models\\eventModel.js": {"path":"D:\\Node js\\event booking project\\models\\eventModel.js","statementMap":{"0":{"start":{"line":3,"column":20},"end":{"line":39,"column":1}},"1":{"start":{"line":41,"column":21},"end":{"line":41,"column":57}}},"fnMap":{},"branchMap":{},"s":{"0":2,"1":2},"f":{},"b":{},"_coverageSchema":"1a1c01bbd47fc00a2c39e90264f33305004495a9","hash":"ab741810b838e6d3e13720b2a42fa89f8750fc3e"}
,"D:\\Node js\\event booking project\\models\\userModel.js": {"path":"D:\\Node js\\event booking project\\models\\userModel.js","statementMap":{"0":{"start":{"line":4,"column":19},"end":{"line":37,"column":1}},"1":{"start":{"line":39,"column":0},"end":{"line":39,"column":31}},"2":{"start":{"line":41,"column":20},"end":{"line":41,"column":54}}},"fnMap":{},"branchMap":{},"s":{"0":1,"1":1,"2":1},"f":{},"b":{},"_coverageSchema":"1a1c01bbd47fc00a2c39e90264f33305004495a9","hash":"0ba0512db0fab766d6ec2d0d43c86ba9971ebc5f"}
,"D:\\Node js\\event booking project\\utils\\JWT.js": {"path":"D:\\Node js\\event booking project\\utils\\JWT.js","statementMap":{"0":{"start":{"line":4,"column":2},"end":{"line":6,"column":5}}},"fnMap":{"0":{"name":"JWT","decl":{"start":{"line":3,"column":9},"end":{"line":3,"column":12}},"loc":{"start":{"line":3,"column":22},"end":{"line":7,"column":1}},"line":3}},"branchMap":{},"s":{"0":1},"f":{"0":1},"b":{},"_coverageSchema":"1a1c01bbd47fc00a2c39e90264f33305004495a9","hash":"316a003b73d5ef5ca092a3e8b6dce435a664e690"}
,"D:\\Node js\\event booking project\\utils\\deleteFile.js": {"path":"D:\\Node js\\event booking project\\utils\\deleteFile.js","statementMap":{"0":{"start":{"line":4,"column":2},"end":{"line":6,"column":3}},"1":{"start":{"line":5,"column":4},"end":{"line":5,"column":24}}},"fnMap":{"0":{"name":"deleteFile","decl":{"start":{"line":3,"column":9},"end":{"line":3,"column":19}},"loc":{"start":{"line":3,"column":26},"end":{"line":7,"column":1}},"line":3}},"branchMap":{"0":{"loc":{"start":{"line":4,"column":2},"end":{"line":6,"column":3}},"type":"if","locations":[{"start":{"line":4,"column":2},"end":{"line":6,"column":3}},{"start":{},"end":{}}],"line":4},"1":{"loc":{"start":{"line":4,"column":6},"end":{"line":4,"column":33}},"type":"binary-expr","locations":[{"start":{"line":4,"column":6},"end":{"line":4,"column":10}},{"start":{"line":4,"column":14},"end":{"line":4,"column":33}}],"line":4}},"s":{"0":2,"1":0},"f":{"0":2},"b":{"0":[0,2],"1":[2,1]},"_coverageSchema":"1a1c01bbd47fc00a2c39e90264f33305004495a9","hash":"74c35648626688fb86310d9d7e79a465fa82d4fd"}
,"D:\\Node js\\event booking project\\utils\\httpStatusText.js": {"path":"D:\\Node js\\event booking project\\utils\\httpStatusText.js","statementMap":{"0":{"start":{"line":1,"column":16},"end":{"line":1,"column":25}},"1":{"start":{"line":2,"column":14},"end":{"line":2,"column":21}},"2":{"start":{"line":3,"column":13},"end":{"line":3,"column":19}}},"fnMap":{},"branchMap":{},"s":{"0":3,"1":3,"2":3},"f":{},"b":{},"_coverageSchema":"1a1c01bbd47fc00a2c39e90264f33305004495a9","hash":"ba0cea368a3c8f7f146c4e4a5e765745570102b6"}
,"D:\\Node js\\event booking project\\utils\\userRoles.js": {"path":"D:\\Node js\\event booking project\\utils\\userRoles.js","statementMap":{"0":{"start":{"line":1,"column":18},"end":{"line":4,"column":1}}},"fnMap":{},"branchMap":{},"s":{"0":1},"f":{},"b":{},"_coverageSchema":"1a1c01bbd47fc00a2c39e90264f33305004495a9","hash":"ebc52e0d3435bb910264470c8aea45c8bd7733fd"}
}
