TN:
SF:controller\authController.js
FN:8,register
FN:31,login
FNF:2
FNH:2
FNDA:3,register
FNDA:4,login
DA:9,3
DA:10,3
DA:11,3
DA:12,2
DA:13,2
DA:17,1
DA:18,1
DA:19,1
DA:26,1
DA:28,1
DA:32,4
DA:33,4
DA:34,1
DA:39,3
DA:41,3
DA:42,1
DA:48,2
DA:49,2
DA:50,1
DA:55,1
DA:60,1
LF:21
LH:21
BRDA:11,0,0,2
BRDA:11,0,1,1
BRDA:18,1,0,0
BRDA:18,1,1,1
BRDA:33,2,0,1
BRDA:33,2,1,3
BRDA:33,3,0,4
BRDA:33,3,1,3
BRDA:41,4,0,1
BRDA:41,4,1,2
BRDA:49,5,0,1
BRDA:49,5,1,1
BRF:12
BRH:11
end_of_record
TN:
SF:controller\bookingController.js
FN:6,bookEvent
FN:68,getMyBooking
FN:81,cancelBooking
FN:98,updateBooking
FNF:4
FNH:4
FNDA:4,bookEvent
FNDA:2,getMyBooking
FNDA:2,cancelBooking
FNDA:5,updateBooking
DA:7,4
DA:9,4
DA:10,1
DA:16,3
DA:20,3
DA:22,3
DA:23,3
DA:26,3
DA:28,3
DA:29,1
DA:35,2
DA:40,2
DA:41,1
DA:47,1
DA:52,1
DA:60,1
DA:69,2
DA:72,2
DA:73,1
DA:78,1
DA:82,2
DA:86,2
DA:87,1
DA:92,1
DA:99,5
DA:103,5
DA:104,1
DA:108,4
DA:109,4
DA:110,4
DA:112,4
DA:113,1
DA:119,3
DA:120,1
DA:122,1
DA:123,1
DA:124,1
DA:131,0
DA:137,2
DA:139,2
DA:140,1
DA:146,1
DA:152,1
DA:159,1
DA:160,1
DA:162,1
DA:163,1
LF:47
LH:46
BRDA:9,0,0,1
BRDA:9,0,1,3
BRDA:28,1,0,1
BRDA:28,1,1,2
BRDA:40,2,0,1
BRDA:40,2,1,1
BRDA:72,3,0,1
BRDA:72,3,1,1
BRDA:86,4,0,1
BRDA:86,4,1,1
BRDA:103,5,0,1
BRDA:103,5,1,4
BRDA:108,6,0,4
BRDA:108,6,1,0
BRDA:109,7,0,4
BRDA:109,7,1,1
BRDA:112,8,0,1
BRDA:112,8,1,3
BRDA:119,9,0,1
BRDA:119,9,1,2
BRDA:122,10,0,1
BRDA:122,10,1,0
BRDA:123,11,0,1
BRDA:123,11,1,0
BRDA:139,12,0,1
BRDA:139,12,1,1
BRF:26
BRH:23
end_of_record
TN:
SF:controller\eventsController.js
FN:6,getAllEvents
FN:14,createEvent
FN:25,getSingleEvent
FN:35,updateEvent
FN:62,deleteEvent
FNF:5
FNH:5
FNDA:1,getAllEvents
FNDA:1,createEvent
FNDA:2,getSingleEvent
FNDA:3,updateEvent
FNDA:2,deleteEvent
DA:7,1
DA:8,1
DA:9,1
DA:10,1
DA:11,1
DA:15,1
DA:16,1
DA:17,0
DA:21,1
DA:22,1
DA:26,2
DA:27,2
DA:28,1
DA:32,1
DA:36,3
DA:37,1
DA:42,2
DA:50,2
DA:51,1
DA:56,1
DA:63,2
DA:64,2
DA:65,1
DA:69,1
LF:24
LH:23
BRDA:7,0,0,1
BRDA:7,0,1,0
BRDA:8,1,0,1
BRDA:8,1,1,0
BRDA:16,2,0,0
BRDA:16,2,1,1
BRDA:27,3,0,1
BRDA:27,3,1,1
BRDA:36,4,0,1
BRDA:36,4,1,2
BRDA:50,5,0,1
BRDA:50,5,1,1
BRDA:64,6,0,1
BRDA:64,6,1,1
BRF:14
BRH:11
end_of_record
TN:
SF:middleware\asyncWrapper.js
FN:1,(anonymous_0)
FN:2,(anonymous_1)
FN:3,(anonymous_2)
FNF:3
FNH:2
FNDA:11,(anonymous_0)
FNDA:29,(anonymous_1)
FNDA:0,(anonymous_2)
DA:1,3
DA:2,11
DA:3,29
DA:4,0
LF:4
LH:3
BRF:0
BRH:0
end_of_record
TN:
SF:models\bookingModel.js
FNF:0
FNH:0
DA:3,1
DA:29,1
LF:2
LH:2
BRF:0
BRH:0
end_of_record
TN:
SF:models\eventModel.js
FNF:0
FNH:0
DA:3,2
DA:41,2
LF:2
LH:2
BRF:0
BRH:0
end_of_record
TN:
SF:models\userModel.js
FNF:0
FNH:0
DA:4,1
DA:39,1
DA:41,1
LF:3
LH:3
BRF:0
BRH:0
end_of_record
TN:
SF:utils\JWT.js
FN:3,JWT
FNF:1
FNH:1
FNDA:1,JWT
DA:4,1
LF:1
LH:1
BRF:0
BRH:0
end_of_record
TN:
SF:utils\deleteFile.js
FN:3,deleteFile
FNF:1
FNH:1
FNDA:2,deleteFile
DA:4,2
DA:5,0
LF:2
LH:1
BRDA:4,0,0,0
BRDA:4,0,1,2
BRDA:4,1,0,2
BRDA:4,1,1,1
BRF:4
BRH:3
end_of_record
TN:
SF:utils\httpStatusText.js
FNF:0
FNH:0
DA:1,3
DA:2,3
DA:3,3
LF:3
LH:3
BRF:0
BRH:0
end_of_record
TN:
SF:utils\userRoles.js
FNF:0
FNH:0
DA:1,1
LF:1
LH:1
BRF:0
BRH:0
end_of_record
